<?xml version="1.0" encoding="utf-8"?><testsuites name="pytest tests"><testsuite name="pytest" errors="0" failures="0" skipped="0" tests="10" time="9.386" timestamp="2026-05-19T21:20:45.609253+00:00" hostname="agent-env-9cf8d226-c28f-4fb0-a70e-b97c2ac1990c"><testcase classname="backend.tests.iteration5_test.TestUploadAnalysisShape" name="test_upload_real_pdf_returns_analysis" time="3.481" /><testcase classname="backend.tests.iteration5_test.TestUploadAnalysisShape" name="test_uploaded_cv_bytes_are_unmodified" time="0.342" /><testcase classname="backend.tests.iteration5_test.TestBlankPdfNoText" name="test_blank_pdf_returns_no_text_warning" time="0.485" /><testcase classname="backend.tests.iteration5_test.TestReanalyzeEndpoint" name="test_reanalyze_employer_403" time="0.338" /><testcase classname="backend.tests.iteration5_test.TestReanalyzeEndpoint" name="test_reanalyze_requires_auth" time="0.048" /><testcase classname="backend.tests.iteration5_test.TestReanalyzeEndpoint" name="test_reanalyze_without_cv_returns_404" time="0.644" /><testcase classname="backend.tests.iteration5_test.TestReanalyzeEndpoint" name="test_reanalyze_with_existing_cv_returns_analysis" time="2.854" /><testcase classname="backend.tests.iteration5_test.TestReanalyzeEndpoint" name="test_reanalyze_does_not_modify_cv" time="0.143" /><testcase classname="backend.tests.iteration5_test.TestReanalyzeEndpoint" name="test_reanalyze_blank_pdf_returns_no_text" time="0.154" /><testcase classname="backend.tests.iteration5_test.TestZZCleanup" name="test_cleanup" time="0.423" /></testsuite></testsuites>