<?xml version="1.0" encoding="utf-8"?><testsuites name="pytest tests"><testsuite name="pytest" errors="0" failures="0" skipped="0" tests="34" time="14.777" timestamp="2026-05-19T21:09:15.309459+00:00" hostname="agent-env-9cf8d226-c28f-4fb0-a70e-b97c2ac1990c"><testcase classname="backend.tests.iteration4_test.TestWhyConsider" name="test_put_profile_accepts_why_consider" time="0.725" /><testcase classname="backend.tests.iteration4_test.TestWhyConsider" name="test_get_profile_persists_why_consider" time="0.089" /><testcase classname="backend.tests.iteration4_test.TestWhyConsider" name="test_why_consider_optional" time="0.391" /><testcase classname="backend.tests.iteration4_test.TestPensumSteps" name="test_invalid_steps_rejected[25-80]" time="0.084" /><testcase classname="backend.tests.iteration4_test.TestPensumSteps" name="test_invalid_steps_rejected[40-75]" time="0.081" /><testcase classname="backend.tests.iteration4_test.TestPensumSteps" name="test_invalid_steps_rejected[15-80]" time="0.089" /><testcase classname="backend.tests.iteration4_test.TestPensumSteps" name="test_invalid_steps_rejected[40-90]" time="0.085" /><testcase classname="backend.tests.iteration4_test.TestPensumSteps" name="test_invalid_steps_rejected[33-66]" time="0.085" /><testcase classname="backend.tests.iteration4_test.TestPensumSteps" name="test_min_gt_max_rejected_when_both_valid_steps" time="0.083" /><testcase classname="backend.tests.iteration4_test.TestPensumSteps" name="test_valid_step_combos_accepted[20-20]" time="0.148" /><testcase classname="backend.tests.iteration4_test.TestPensumSteps" name="test_valid_step_combos_accepted[20-80]" time="0.081" /><testcase classname="backend.tests.iteration4_test.TestPensumSteps" name="test_valid_step_combos_accepted[40-70]" time="0.099" /><testcase classname="backend.tests.iteration4_test.TestPensumSteps" name="test_valid_step_combos_accepted[50-60]" time="0.088" /><testcase classname="backend.tests.iteration4_test.TestPensumSteps" name="test_valid_step_combos_accepted[30-30]" time="0.090" /><testcase classname="backend.tests.iteration4_test.TestPensumSteps" name="test_valid_step_combos_accepted[70-80]" time="0.081" /><testcase classname="backend.tests.iteration4_test.TestCVUploadValidation" name="test_upload_requires_auth" time="0.081" /><testcase classname="backend.tests.iteration4_test.TestCVUploadValidation" name="test_upload_employer_forbidden" time="0.580" /><testcase classname="backend.tests.iteration4_test.TestCVUploadValidation" name="test_upload_non_pdf_rejected" time="0.076" /><testcase classname="backend.tests.iteration4_test.TestCVUploadValidation" name="test_upload_empty_file_rejected" time="0.074" /><testcase classname="backend.tests.iteration4_test.TestCVUploadValidation" name="test_upload_oversize_rejected_413" time="1.227" /><testcase classname="backend.tests.iteration4_test.TestCVUploadAndProfile" name="test_upload_valid_pdf" time="0.247" /><testcase classname="backend.tests.iteration4_test.TestCVUploadAndProfile" name="test_profile_reflects_cv_fields" time="0.079" /><testcase classname="backend.tests.iteration4_test.TestCVUploadAndProfile" name="test_download_own_cv" time="0.210" /><testcase classname="backend.tests.iteration4_test.TestCVUploadAndProfile" name="test_download_own_cv_requires_auth" time="0.076" /><testcase classname="backend.tests.iteration4_test.TestEmployerCVAccess" name="test_employer_403_before_applicant_applies" time="0.086" /><testcase classname="backend.tests.iteration4_test.TestEmployerCVAccess" name="test_employee_role_forbidden" time="0.077" /><testcase classname="backend.tests.iteration4_test.TestEmployerCVAccess" name="test_applicant_applies_then_employer_can_download" time="3.818" /><testcase classname="backend.tests.iteration4_test.TestEmployerCVAccess" name="test_unrelated_employer_still_403" time="0.562" /><testcase classname="backend.tests.iteration4_test.TestEmployerCVAccess" name="test_employer_404_if_applicant_has_no_cv" time="4.112" /><testcase classname="backend.tests.iteration4_test.TestCVDelete" name="test_delete_cv" time="0.081" /><testcase classname="backend.tests.iteration4_test.TestCVDelete" name="test_profile_no_longer_has_cv_fields" time="0.089" /><testcase classname="backend.tests.iteration4_test.TestCVDelete" name="test_download_own_cv_404_after_delete" time="0.078" /><testcase classname="backend.tests.iteration4_test.TestCVDelete" name="test_employer_404_after_applicant_deletes_cv" time="0.095" /><testcase classname="backend.tests.iteration4_test.TestZZCleanup" name="test_cleanup" time="0.653" /></testsuite></testsuites>