<?xml version="1.0" encoding="utf-8"?><testsuites name="pytest tests"><testsuite name="pytest" errors="0" failures="1" skipped="0" tests="17" time="30.370" timestamp="2026-05-19T20:17:39.178175+00:00" hostname="agent-env-9cf8d226-c28f-4fb0-a70e-b97c2ac1990c"><testcase classname="backend.tests.iteration2_test.TestTiers" name="test_list_tiers" time="0.244" /><testcase classname="backend.tests.iteration2_test.TestSubscription" name="test_default_subscription" time="0.407" /><testcase classname="backend.tests.iteration2_test.TestSubscription" name="test_non_employer_subscription_forbidden" time="0.345" /><testcase classname="backend.tests.iteration2_test.TestSubscription" name="test_job_increments_postings_used" time="0.107" /><testcase classname="backend.tests.iteration2_test.TestSubscription" name="test_tier1_quota_exhausted_returns_402" time="0.302" /><testcase classname="backend.tests.iteration2_test.TestBruteForce" name="test_register_bf_user" time="0.282" /><testcase classname="backend.tests.iteration2_test.TestBruteForce" name="test_brute_force_lockout" time="1.546" /><testcase classname="backend.tests.iteration2_test.TestBruteForce" name="test_successful_login_clears_counter" time="1.140" /><testcase classname="backend.tests.iteration2_test.TestCheckout" name="test_checkout_tier1_rejected" time="0.057" /><testcase classname="backend.tests.iteration2_test.TestCheckout" name="test_checkout_missing_origin_url" time="0.061" /><testcase classname="backend.tests.iteration2_test.TestCheckout" name="test_checkout_non_employer_forbidden" time="0.063" /><testcase classname="backend.tests.iteration2_test.TestCheckout" name="test_checkout_invalid_tier" time="0.067" /><testcase classname="backend.tests.iteration2_test.TestCheckout" name="test_checkout_creates_session_and_tx" time="0.702" /><testcase classname="backend.tests.iteration2_test.TestCheckout" name="test_payment_status_owner" time="0.265"><failure message="AssertionError: Internal Server Error&#10;assert 500 == 200&#10; +  where 500 = &lt;Response [500]&gt;.status_code">backend/tests/iteration2_test.py:227: in test_payment_status_owner
    assert r.status_code == 200, r.text
E   AssertionError: Internal Server Error
E   assert 500 == 200
E    +  where 500 = &lt;Response [500]&gt;.status_code</failure></testcase><testcase classname="backend.tests.iteration2_test.TestCheckout" name="test_payment_status_other_user_forbidden" time="0.062" /><testcase classname="backend.tests.iteration2_test.TestSuggestedTopK" name="test_suggested_returns_at_most_15" time="24.054" /><testcase classname="backend.tests.iteration2_test.TestZZCleanup" name="test_cleanup" time="0.476" /></testsuite></testsuites>