<?xml version="1.0" encoding="utf-8"?><testsuites name="pytest tests"><testsuite name="pytest" errors="0" failures="0" skipped="0" tests="21" time="3.209" timestamp="2026-05-19T20:50:24.060815+00:00" hostname="agent-env-9cf8d226-c28f-4fb0-a70e-b97c2ac1990c"><testcase classname="backend.tests.iteration3_test.TestGoogleExchange" name="test_missing_session_id_returns_400" time="0.278" /><testcase classname="backend.tests.iteration3_test.TestGoogleExchange" name="test_empty_session_id_returns_400" time="0.069" /><testcase classname="backend.tests.iteration3_test.TestGoogleExchange" name="test_invalid_session_id_returns_401" time="0.128" /><testcase classname="backend.tests.iteration3_test.TestAdminLogin" name="test_admin_login_still_works" time="0.282" /><testcase classname="backend.tests.iteration3_test.TestTwoFA" name="test_setup_returns_secret_and_qr" time="0.371" /><testcase classname="backend.tests.iteration3_test.TestTwoFA" name="test_setup_requires_auth" time="0.062" /><testcase classname="backend.tests.iteration3_test.TestTwoFA" name="test_enable_with_wrong_code_401" time="0.058" /><testcase classname="backend.tests.iteration3_test.TestTwoFA" name="test_enable_with_valid_code" time="0.136" /><testcase classname="backend.tests.iteration3_test.TestTwoFA" name="test_login_returns_requires_2fa" time="0.280" /><testcase classname="backend.tests.iteration3_test.TestTwoFA" name="test_2fa_login_wrong_code_401" time="0.051" /><testcase classname="backend.tests.iteration3_test.TestTwoFA" name="test_2fa_login_success_returns_access_token" time="0.315" /><testcase classname="backend.tests.iteration3_test.TestTwoFA" name="test_2fa_login_missing_fields_400" time="0.053" /><testcase classname="backend.tests.iteration3_test.TestTwoFA" name="test_disable_with_wrong_code" time="0.058" /><testcase classname="backend.tests.iteration3_test.TestTwoFA" name="test_disable_with_valid_code" time="0.104" /><testcase classname="backend.tests.iteration3_test.TestTwoFA" name="test_disable_when_not_enabled_400" time="0.059" /><testcase classname="backend.tests.iteration3_test.TestOnboarding" name="test_needs_onboarding_true_for_no_role_user" time="0.353" /><testcase classname="backend.tests.iteration3_test.TestOnboarding" name="test_onboarding_invalid_role" time="0.054" /><testcase classname="backend.tests.iteration3_test.TestOnboarding" name="test_onboarding_sets_role" time="0.054" /><testcase classname="backend.tests.iteration3_test.TestOnboarding" name="test_onboarding_role_already_set_400" time="0.057" /><testcase classname="backend.tests.iteration3_test.TestOnboarding" name="test_onboarding_requires_auth" time="0.053" /><testcase classname="backend.tests.iteration3_test.TestZZCleanup" name="test_cleanup" time="0.164" /></testsuite></testsuites>