<?xml version="1.0" encoding="utf-8"?><testsuites name="pytest tests"><testsuite name="pytest" errors="0" failures="0" skipped="0" tests="30" time="10.925" timestamp="2026-05-19T19:41:33.480562+00:00" hostname="agent-env-9cf8d226-c28f-4fb0-a70e-b97c2ac1990c"><testcase classname="backend.tests.backend_test.TestAuth" name="test_root" time="0.243" /><testcase classname="backend.tests.backend_test.TestAuth" name="test_register_invalid_role" time="0.075" /><testcase classname="backend.tests.backend_test.TestAuth" name="test_duplicate_register" time="1.002" /><testcase classname="backend.tests.backend_test.TestAuth" name="test_login_wrong_password" time="0.302" /><testcase classname="backend.tests.backend_test.TestAuth" name="test_login_success" time="0.297" /><testcase classname="backend.tests.backend_test.TestAuth" name="test_admin_login" time="0.000" /><testcase classname="backend.tests.backend_test.TestAuth" name="test_me_employee" time="0.072" /><testcase classname="backend.tests.backend_test.TestAuth" name="test_me_no_token" time="0.070" /><testcase classname="backend.tests.backend_test.TestEmployeeProfile" name="test_put_profile_invalid_pct" time="0.076" /><testcase classname="backend.tests.backend_test.TestEmployeeProfile" name="test_put_profile_ok" time="0.074" /><testcase classname="backend.tests.backend_test.TestEmployeeProfile" name="test_get_profile" time="0.071" /><testcase classname="backend.tests.backend_test.TestEmployeeProfile" name="test_employer_cant_access_employee" time="0.103" /><testcase classname="backend.tests.backend_test.TestEmployerFlow" name="test_put_employer_profile" time="0.071" /><testcase classname="backend.tests.backend_test.TestEmployerFlow" name="test_employee_cant_access_employer" time="0.071" /><testcase classname="backend.tests.backend_test.TestEmployerFlow" name="test_create_job_bad_pct" time="0.071" /><testcase classname="backend.tests.backend_test.TestEmployerFlow" name="test_create_job" time="0.073" /><testcase classname="backend.tests.backend_test.TestEmployerFlow" name="test_list_jobs" time="0.073" /><testcase classname="backend.tests.backend_test.TestMatchingAndApply" name="test_suggested_jobs_llm" time="3.190" /><testcase classname="backend.tests.backend_test.TestMatchingAndApply" name="test_apply_job" time="3.505" /><testcase classname="backend.tests.backend_test.TestMatchingAndApply" name="test_apply_duplicate" time="0.075" /><testcase classname="backend.tests.backend_test.TestMatchingAndApply" name="test_my_applications" time="0.070" /><testcase classname="backend.tests.backend_test.TestMatchingAndApply" name="test_employer_applicants" time="0.072" /><testcase classname="backend.tests.backend_test.TestAdmin" name="test_non_admin_blocked" time="0.073" /><testcase classname="backend.tests.backend_test.TestAdmin" name="test_admin_list_users" time="0.071" /><testcase classname="backend.tests.backend_test.TestAdmin" name="test_admin_stats" time="0.071" /><testcase classname="backend.tests.backend_test.TestAdmin" name="test_admin_block_unblock" time="0.211" /><testcase classname="backend.tests.backend_test.TestAdmin" name="test_admin_updates_lifecycle" time="0.372" /><testcase classname="backend.tests.backend_test.TestAdmin" name="test_admin_cannot_delete_admin" time="0.145" /><testcase classname="backend.tests.backend_test.TestZZCleanup" name="test_delete_job" time="0.074" /><testcase classname="backend.tests.backend_test.TestZZCleanup" name="test_admin_delete_test_users" time="0.150" /></testsuite></testsuites>