<?xml version="1.0" encoding="utf-8"?><testsuites name="pytest tests"><testsuite name="pytest" errors="0" failures="0" skipped="0" tests="112" time="109.803" timestamp="2026-05-19T21:21:14.588575+00:00" hostname="agent-env-9cf8d226-c28f-4fb0-a70e-b97c2ac1990c"><testcase classname="backend.tests.backend_test.TestAuth" name="test_root" time="0.177" /><testcase classname="backend.tests.backend_test.TestAuth" name="test_register_invalid_role" time="0.068" /><testcase classname="backend.tests.backend_test.TestAuth" name="test_duplicate_register" time="0.945" /><testcase classname="backend.tests.backend_test.TestAuth" name="test_login_wrong_password" time="0.293" /><testcase classname="backend.tests.backend_test.TestAuth" name="test_login_success" time="0.296" /><testcase classname="backend.tests.backend_test.TestAuth" name="test_admin_login" time="0.000" /><testcase classname="backend.tests.backend_test.TestAuth" name="test_me_employee" time="0.069" /><testcase classname="backend.tests.backend_test.TestAuth" name="test_me_no_token" time="0.066" /><testcase classname="backend.tests.backend_test.TestEmployeeProfile" name="test_put_profile_invalid_pct" time="0.066" /><testcase classname="backend.tests.backend_test.TestEmployeeProfile" name="test_put_profile_ok" time="0.071" /><testcase classname="backend.tests.backend_test.TestEmployeeProfile" name="test_get_profile" time="0.072" /><testcase classname="backend.tests.backend_test.TestEmployeeProfile" name="test_employer_cant_access_employee" time="0.067" /><testcase classname="backend.tests.backend_test.TestEmployerFlow" name="test_put_employer_profile" time="0.075" /><testcase classname="backend.tests.backend_test.TestEmployerFlow" name="test_employee_cant_access_employer" time="0.068" /><testcase classname="backend.tests.backend_test.TestEmployerFlow" name="test_create_job_bad_pct" time="0.074" /><testcase classname="backend.tests.backend_test.TestEmployerFlow" name="test_create_job" time="0.072" /><testcase classname="backend.tests.backend_test.TestEmployerFlow" name="test_list_jobs" time="0.067" /><testcase classname="backend.tests.backend_test.TestMatchingAndApply" name="test_suggested_jobs_llm" time="27.753" /><testcase classname="backend.tests.backend_test.TestMatchingAndApply" name="test_apply_job" time="3.524" /><testcase classname="backend.tests.backend_test.TestMatchingAndApply" name="test_apply_duplicate" time="0.069" /><testcase classname="backend.tests.backend_test.TestMatchingAndApply" name="test_my_applications" time="0.066" /><testcase classname="backend.tests.backend_test.TestMatchingAndApply" name="test_employer_applicants" time="0.071" /><testcase classname="backend.tests.backend_test.TestAdmin" name="test_non_admin_blocked" time="0.080" /><testcase classname="backend.tests.backend_test.TestAdmin" name="test_admin_list_users" time="0.071" /><testcase classname="backend.tests.backend_test.TestAdmin" name="test_admin_stats" time="0.067" /><testcase classname="backend.tests.backend_test.TestAdmin" name="test_admin_block_unblock" time="0.222" /><testcase classname="backend.tests.backend_test.TestAdmin" name="test_admin_updates_lifecycle" time="0.370" /><testcase classname="backend.tests.backend_test.TestAdmin" name="test_admin_cannot_delete_admin" time="0.139" /><testcase classname="backend.tests.backend_test.TestZZCleanup" name="test_delete_job" time="0.067" /><testcase classname="backend.tests.backend_test.TestZZCleanup" name="test_admin_delete_test_users" time="0.138" /><testcase classname="backend.tests.iteration2_test.TestTiers" name="test_list_tiers" time="0.227" /><testcase classname="backend.tests.iteration2_test.TestSubscription" name="test_default_subscription" time="0.485" /><testcase classname="backend.tests.iteration2_test.TestSubscription" name="test_non_employer_subscription_forbidden" time="0.400" /><testcase classname="backend.tests.iteration2_test.TestSubscription" name="test_job_increments_postings_used" time="0.145" /><testcase classname="backend.tests.iteration2_test.TestSubscription" name="test_tier1_quota_exhausted_returns_402" time="0.362" /><testcase classname="backend.tests.iteration2_test.TestBruteForce" name="test_register_bf_user" time="0.293" /><testcase classname="backend.tests.iteration2_test.TestBruteForce" name="test_brute_force_lockout" time="1.541" /><testcase classname="backend.tests.iteration2_test.TestBruteForce" name="test_successful_login_clears_counter" time="1.195" /><testcase classname="backend.tests.iteration2_test.TestCheckout" name="test_checkout_tier1_rejected" time="0.071" /><testcase classname="backend.tests.iteration2_test.TestCheckout" name="test_checkout_missing_origin_url" time="0.071" /><testcase classname="backend.tests.iteration2_test.TestCheckout" name="test_checkout_non_employer_forbidden" time="0.072" /><testcase classname="backend.tests.iteration2_test.TestCheckout" name="test_checkout_invalid_tier" time="0.072" /><testcase classname="backend.tests.iteration2_test.TestCheckout" name="test_checkout_creates_session_and_tx" time="0.617" /><testcase classname="backend.tests.iteration2_test.TestCheckout" name="test_payment_status_owner" time="0.280" /><testcase classname="backend.tests.iteration2_test.TestCheckout" name="test_payment_status_other_user_forbidden" time="0.070" /><testcase classname="backend.tests.iteration2_test.TestSuggestedTopK" name="test_suggested_returns_at_most_15" time="43.389" /><testcase classname="backend.tests.iteration2_test.TestZZCleanup" name="test_cleanup" time="0.521" /><testcase classname="backend.tests.iteration3_test.TestGoogleExchange" name="test_missing_session_id_returns_400" time="0.209" /><testcase classname="backend.tests.iteration3_test.TestGoogleExchange" name="test_empty_session_id_returns_400" time="0.069" /><testcase classname="backend.tests.iteration3_test.TestGoogleExchange" name="test_invalid_session_id_returns_401" time="0.161" /><testcase classname="backend.tests.iteration3_test.TestAdminLogin" name="test_admin_login_still_works" time="0.279" /><testcase classname="backend.tests.iteration3_test.TestTwoFA" name="test_setup_returns_secret_and_qr" time="0.359" /><testcase classname="backend.tests.iteration3_test.TestTwoFA" name="test_setup_requires_auth" time="0.063" /><testcase classname="backend.tests.iteration3_test.TestTwoFA" name="test_enable_with_wrong_code_401" time="0.067" /><testcase classname="backend.tests.iteration3_test.TestTwoFA" name="test_enable_with_valid_code" time="0.128" /><testcase classname="backend.tests.iteration3_test.TestTwoFA" name="test_login_returns_requires_2fa" time="0.282" /><testcase classname="backend.tests.iteration3_test.TestTwoFA" name="test_2fa_login_wrong_code_401" time="0.065" /><testcase classname="backend.tests.iteration3_test.TestTwoFA" name="test_2fa_login_success_returns_access_token" time="0.068" /><testcase classname="backend.tests.iteration3_test.TestTwoFA" name="test_2fa_login_missing_fields_400" time="0.056" /><testcase classname="backend.tests.iteration3_test.TestTwoFA" name="test_disable_with_wrong_code" time="0.067" /><testcase classname="backend.tests.iteration3_test.TestTwoFA" name="test_disable_with_valid_code" time="0.121" /><testcase classname="backend.tests.iteration3_test.TestTwoFA" name="test_disable_when_not_enabled_400" time="0.068" /><testcase classname="backend.tests.iteration3_test.TestOnboarding" name="test_needs_onboarding_true_for_no_role_user" time="0.380" /><testcase classname="backend.tests.iteration3_test.TestOnboarding" name="test_onboarding_invalid_role" time="0.055" /><testcase classname="backend.tests.iteration3_test.TestOnboarding" name="test_onboarding_sets_role" time="0.069" /><testcase classname="backend.tests.iteration3_test.TestOnboarding" name="test_onboarding_role_already_set_400" time="0.056" /><testcase classname="backend.tests.iteration3_test.TestOnboarding" name="test_onboarding_requires_auth" time="0.055" /><testcase classname="backend.tests.iteration3_test.TestZZCleanup" name="test_cleanup" time="0.114" /><testcase classname="backend.tests.iteration4_test.TestWhyConsider" name="test_put_profile_accepts_why_consider" time="0.495" /><testcase classname="backend.tests.iteration4_test.TestWhyConsider" name="test_get_profile_persists_why_consider" time="0.069" /><testcase classname="backend.tests.iteration4_test.TestWhyConsider" name="test_why_consider_optional" time="0.355" /><testcase classname="backend.tests.iteration4_test.TestPensumSteps" name="test_invalid_steps_rejected[25-80]" time="0.066" /><testcase classname="backend.tests.iteration4_test.TestPensumSteps" name="test_invalid_steps_rejected[40-75]" time="0.063" /><testcase classname="backend.tests.iteration4_test.TestPensumSteps" name="test_invalid_steps_rejected[15-80]" time="0.066" /><testcase classname="backend.tests.iteration4_test.TestPensumSteps" name="test_invalid_steps_rejected[40-90]" time="0.070" /><testcase classname="backend.tests.iteration4_test.TestPensumSteps" name="test_invalid_steps_rejected[33-66]" time="0.065" /><testcase classname="backend.tests.iteration4_test.TestPensumSteps" name="test_min_gt_max_rejected_when_both_valid_steps" time="0.068" /><testcase classname="backend.tests.iteration4_test.TestPensumSteps" name="test_valid_step_combos_accepted[20-20]" time="0.079" /><testcase classname="backend.tests.iteration4_test.TestPensumSteps" name="test_valid_step_combos_accepted[20-80]" time="0.067" /><testcase classname="backend.tests.iteration4_test.TestPensumSteps" name="test_valid_step_combos_accepted[40-70]" time="0.069" /><testcase classname="backend.tests.iteration4_test.TestPensumSteps" name="test_valid_step_combos_accepted[50-60]" time="0.068" /><testcase classname="backend.tests.iteration4_test.TestPensumSteps" name="test_valid_step_combos_accepted[30-30]" time="0.066" /><testcase classname="backend.tests.iteration4_test.TestPensumSteps" name="test_valid_step_combos_accepted[70-80]" time="0.070" /><testcase classname="backend.tests.iteration4_test.TestCVUploadValidation" name="test_upload_requires_auth" time="0.066" /><testcase classname="backend.tests.iteration4_test.TestCVUploadValidation" name="test_upload_employer_forbidden" time="0.497" /><testcase classname="backend.tests.iteration4_test.TestCVUploadValidation" name="test_upload_non_pdf_rejected" time="0.065" /><testcase classname="backend.tests.iteration4_test.TestCVUploadValidation" name="test_upload_empty_file_rejected" time="0.068" /><testcase classname="backend.tests.iteration4_test.TestCVUploadValidation" name="test_upload_oversize_rejected_413" time="1.240" /><testcase classname="backend.tests.iteration4_test.TestCVUploadAndProfile" name="test_upload_valid_pdf" time="0.192" /><testcase classname="backend.tests.iteration4_test.TestCVUploadAndProfile" name="test_profile_reflects_cv_fields" time="0.070" /><testcase classname="backend.tests.iteration4_test.TestCVUploadAndProfile" name="test_download_own_cv" time="0.158" /><testcase classname="backend.tests.iteration4_test.TestCVUploadAndProfile" name="test_download_own_cv_requires_auth" time="0.070" /><testcase classname="backend.tests.iteration4_test.TestEmployerCVAccess" name="test_employer_403_before_applicant_applies" time="0.078" /><testcase classname="backend.tests.iteration4_test.TestEmployerCVAccess" name="test_employee_role_forbidden" time="0.069" /><testcase classname="backend.tests.iteration4_test.TestEmployerCVAccess" name="test_applicant_applies_then_employer_can_download" time="2.982" /><testcase classname="backend.tests.iteration4_test.TestEmployerCVAccess" name="test_unrelated_employer_still_403" time="0.501" /><testcase classname="backend.tests.iteration4_test.TestEmployerCVAccess" name="test_employer_404_if_applicant_has_no_cv" time="3.757" /><testcase classname="backend.tests.iteration4_test.TestCVDelete" name="test_delete_cv" time="0.076" /><testcase classname="backend.tests.iteration4_test.TestCVDelete" name="test_profile_no_longer_has_cv_fields" time="0.065" /><testcase classname="backend.tests.iteration4_test.TestCVDelete" name="test_download_own_cv_404_after_delete" time="0.067" /><testcase classname="backend.tests.iteration4_test.TestCVDelete" name="test_employer_404_after_applicant_deletes_cv" time="0.071" /><testcase classname="backend.tests.iteration4_test.TestZZCleanup" name="test_cleanup" time="0.566" /><testcase classname="backend.tests.iteration5_test.TestUploadAnalysisShape" name="test_upload_real_pdf_returns_analysis" time="3.673" /><testcase classname="backend.tests.iteration5_test.TestUploadAnalysisShape" name="test_uploaded_cv_bytes_are_unmodified" time="0.168" /><testcase classname="backend.tests.iteration5_test.TestBlankPdfNoText" name="test_blank_pdf_returns_no_text_warning" time="0.487" /><testcase classname="backend.tests.iteration5_test.TestReanalyzeEndpoint" name="test_reanalyze_employer_403" time="0.363" /><testcase classname="backend.tests.iteration5_test.TestReanalyzeEndpoint" name="test_reanalyze_requires_auth" time="0.070" /><testcase classname="backend.tests.iteration5_test.TestReanalyzeEndpoint" name="test_reanalyze_without_cv_returns_404" time="0.726" /><testcase classname="backend.tests.iteration5_test.TestReanalyzeEndpoint" name="test_reanalyze_with_existing_cv_returns_analysis" time="2.829" /><testcase classname="backend.tests.iteration5_test.TestReanalyzeEndpoint" name="test_reanalyze_does_not_modify_cv" time="0.175" /><testcase classname="backend.tests.iteration5_test.TestReanalyzeEndpoint" name="test_reanalyze_blank_pdf_returns_no_text" time="0.176" /><testcase classname="backend.tests.iteration5_test.TestZZCleanup" name="test_cleanup" time="0.506" /></testsuite></testsuites>